This file contains any messages produced by compilers while
running configure, to aid debugging if configure makes a mistake.

It was created by plymouth configure 0.9.5, which was
generated by GNU Autoconf 2.69.  Invocation command line was

  $ ./configure --build=x86_64-linux-gnu --prefix=/usr --includedir=${prefix}/include --mandir=${prefix}/share/man --infodir=${prefix}/share/info --sysconfdir=/etc --localstatedir=/var --disable-silent-rules --libdir=${prefix}/lib/x86_64-linux-gnu --libexecdir=${prefix}/lib/x86_64-linux-gnu --disable-maintainer-mode --disable-dependency-tracking --disable-silent-rules --prefix=/usr --localstatedir=/var --enable-pango --enable-systemd-integration --enable-static --enable-tracing --disable-gdm-transition --with-background-color=0x2c001e --with-background-start-color-stop=0x2c001e --with-background-end-color-stop=0x2c001e --with-logo=/usr/share/plymouth/ubuntu-logo.png --with-release-file=/etc/os-release --with-system-root-install --without-rhgb-compat-link

## --------- ##
## Platform. ##
## --------- ##

hostname = lxy-PC
uname -m = x86_64
uname -r = 5.4.18-19-generic
uname -s = Linux
uname -v = #5b1-KYLINOS SMP Sat Jan 30 15:59:26 UTC 2021

/usr/bin/uname -p = x86_64
/bin/uname -X     = unknown

/bin/arch              = x86_64
/usr/bin/arch -k       = unknown
/usr/convex/getsysinfo = unknown
/usr/bin/hostinfo      = unknown
/bin/machine           = unknown
/usr/bin/oslevel       = unknown
/bin/universe          = unknown

PATH: /usr/sbin
PATH: /usr/bin
PATH: /sbin
PATH: /bin
PATH: /usr/bin/X11


## ----------- ##
## Core tests. ##
## ----------- ##

configure:2497: checking for gcc
configure:2513: found /usr/bin/gcc
configure:2524: result: gcc
configure:2753: checking for C compiler version
configure:2762: gcc --version >&5
gcc (Ubuntu 9.3.0-10kylin2) 9.3.0
Copyright (C) 2019 Free Software Foundation, Inc.
This is free software; see the source for copying conditions.  There is NO
warranty; not even for MERCHANTABILITY or FITNESS FOR A PARTICULAR PURPOSE.

configure:2773: $? = 0
configure:2762: gcc -v >&5
Using built-in specs.
COLLECT_GCC=gcc
COLLECT_LTO_WRAPPER=/usr/lib/gcc/x86_64-linux-gnu/9/lto-wrapper
OFFLOAD_TARGET_NAMES=nvptx-none:hsa
OFFLOAD_TARGET_DEFAULT=1
Target: x86_64-linux-gnu
Configured with: ../src/configure -v --with-pkgversion='Ubuntu 9.3.0-10kylin2' --with-bugurl=file:///usr/share/doc/gcc-9/README.Bugs --enable-languages=c,ada,c++,go,brig,d,fortran,objc,obj-c++,gm2 --prefix=/usr --with-gcc-major-version-only --program-suffix=-9 --program-prefix=x86_64-linux-gnu- --enable-shared --enable-linker-build-id --libexecdir=/usr/lib --without-included-gettext --enable-threads=posix --libdir=/usr/lib --enable-nls --enable-clocale=gnu --enable-libstdcxx-debug --enable-libstdcxx-time=yes --with-default-libstdcxx-abi=new --enable-gnu-unique-object --disable-vtable-verify --enable-plugin --enable-default-pie --with-system-zlib --with-target-system-zlib=auto --enable-objc-gc=auto --enable-multiarch --disable-werror --with-arch-32=i686 --with-abi=m64 --with-multilib-list=m32,m64,mx32 --enable-multilib --with-tune=generic --enable-offload-targets=nvptx-none,hsa --without-cuda-driver --enable-checking=release --build=x86_64-linux-gnu --host=x86_64-linux-gnu --target=x86_64-linux-gnu
Thread model: posix
gcc version 9.3.0 (Ubuntu 9.3.0-10kylin2) 
configure:2773: $? = 0
configure:2762: gcc -V >&5
gcc: error: unrecognized command line option '-V'
gcc: fatal error: no input files
compilation terminated.
configure:2773: $? = 1
configure:2762: gcc -qversion >&5
gcc: error: unrecognized command line option '-qversion'; did you mean '--version'?
gcc: fatal error: no input files
compilation terminated.
configure:2773: $? = 1
configure:2793: checking whether the C compiler works
configure:2815: gcc -g -O2 -fdebug-prefix-map=/home/lxy/plymouth/boot_shutdown/plymouth=. -fstack-protector-strong -Wformat -Werror=format-security -Wdate-time -D_FORTIFY_SOURCE=2 -Wl,-Bsymbolic-functions -Wl,-z,relro -Wl,-z,defs -Wl,--as-needed -Wl,-O1 conftest.c  >&5
configure:2819: $? = 0
configure:2867: result: yes
configure:2870: checking for C compiler default output file name
configure:2872: result: a.out
configure:2878: checking for suffix of executables
configure:2885: gcc -o conftest -g -O2 -fdebug-prefix-map=/home/lxy/plymouth/boot_shutdown/plymouth=. -fstack-protector-strong -Wformat -Werror=format-security -Wdate-time -D_FORTIFY_SOURCE=2 -Wl,-Bsymbolic-functions -Wl,-z,relro -Wl,-z,defs -Wl,--as-needed -Wl,-O1 conftest.c  >&5
configure:2889: $? = 0
configure:2911: result: 
configure:2933: checking whether we are cross compiling
configure:2941: gcc -o conftest -g -O2 -fdebug-prefix-map=/home/lxy/plymouth/boot_shutdown/plymouth=. -fstack-protector-strong -Wformat -Werror=format-security -Wdate-time -D_FORTIFY_SOURCE=2 -Wl,-Bsymbolic-functions -Wl,-z,relro -Wl,-z,defs -Wl,--as-needed -Wl,-O1 conftest.c  >&5
configure:2945: $? = 0
configure:2952: ./conftest
configure:2956: $? = 0
configure:2944: result: no
configure:2949: checking for suffix of object files
configure:2971: gcc -c -g -O2 -fdebug-prefix-map=/home/lxy/plymouth/boot_shutdown/plymouth=. -fstack-protector-strong -Wformat -Werror=format-security -Wdate-time -D_FORTIFY_SOURCE=2 conftest.c >&5
configure:2975: $? = 0
configure:2996: result: o
configure:3000: checking whether we are using the GNU C compiler
configure:3019: gcc -c -g -O2 -fdebug-prefix-map=/home/lxy/plymouth/boot_shutdown/plymouth=. -fstack-protector-strong -Wformat -Werror=format-security -Wdate-time -D_FORTIFY_SOURCE=2 conftest.c >&5
configure:3019: $? = 0
configure:3028: result: yes
configure:3037: checking whether gcc accepts -g
configure:3057: gcc -c -g -Wdate-time -D_FORTIFY_SOURCE=2 conftest.c >&5
configure:3057: $? = 0
configure:3098: result: yes
configure:3115: checking for gcc option to accept ISO C89
configure:3178: gcc  -c -g -O2 -fdebug-prefix-map=/home/lxy/plymouth/boot_shutdown/plymouth=. -fstack-protector-strong -Wformat -Werror=format-security -Wdate-time -D_FORTIFY_SOURCE=2 conftest.c >&5
configure:3178: $? = 0
configure:3191: result: none needed
configure:3216: checking whether gcc understands -c and -o together
configure:3238: gcc -c conftest.c -o conftest2.o
configure:3241: $? = 0
configure:3238: gcc -c conftest.c -o conftest2.o
configure:3241: $? = 0
configure:3253: result: yes
configure:3276: checking how to run the C preprocessor
configure:3307: gcc -E -Wdate-time -D_FORTIFY_SOURCE=2 conftest.c
configure:3307: $? = 0
configure:3321: gcc -E -Wdate-time -D_FORTIFY_SOURCE=2 conftest.c
conftest.c:9:10: fatal error: ac_nonexistent.h: No such file or directory
    9 | #include <ac_nonexistent.h>
      |          ^~~~~~~~~~~~~~~~~~
compilation terminated.
configure:3321: $? = 1
configure: failed program was:
| /* confdefs.h */
| #define PACKAGE_NAME "plymouth"
| #define PACKAGE_TARNAME "plymouth"
| #define PACKAGE_VERSION "0.9.5"
| #define PACKAGE_STRING "plymouth 0.9.5"
| #define PACKAGE_BUGREPORT "https://gitlab.freedesktop.org/plymouth/plymouth/issues"
| #define PACKAGE_URL ""
| /* end confdefs.h.  */
| #include <ac_nonexistent.h>
configure:3346: result: gcc -E
configure:3366: gcc -E -Wdate-time -D_FORTIFY_SOURCE=2 conftest.c
configure:3366: $? = 0
configure:3380: gcc -E -Wdate-time -D_FORTIFY_SOURCE=2 conftest.c
conftest.c:9:10: fatal error: ac_nonexistent.h: No such file or directory
    9 | #include <ac_nonexistent.h>
      |          ^~~~~~~~~~~~~~~~~~
compilation terminated.
configure:3380: $? = 1
configure: failed program was:
| /* confdefs.h */
| #define PACKAGE_NAME "plymouth"
| #define PACKAGE_TARNAME "plymouth"
| #define PACKAGE_VERSION "0.9.5"
| #define PACKAGE_STRING "plymouth 0.9.5"
| #define PACKAGE_BUGREPORT "https://gitlab.freedesktop.org/plymouth/plymouth/issues"
| #define PACKAGE_URL ""
| /* end confdefs.h.  */
| #include <ac_nonexistent.h>
configure:3409: checking for grep that handles long lines and -e
configure:3467: result: /usr/bin/grep
configure:3472: checking for egrep
configure:3534: result: /usr/bin/grep -E
configure:3539: checking for ANSI C header files
configure:3559: gcc -c -g -O2 -fdebug-prefix-map=/home/lxy/plymouth/boot_shutdown/plymouth=. -fstack-protector-strong -Wformat -Werror=format-security -Wdate-time -D_FORTIFY_SOURCE=2 conftest.c >&5
configure:3559: $? = 0
configure:3632: gcc -o conftest -g -O2 -fdebug-prefix-map=/home/lxy/plymouth/boot_shutdown/plymouth=. -fstack-protector-strong -Wformat -Werror=format-security -Wdate-time -D_FORTIFY_SOURCE=2 -Wl,-Bsymbolic-functions -Wl,-z,relro -Wl,-z,defs -Wl,--as-needed -Wl,-O1 conftest.c  >&5
configure:3632: $? = 0
configure:3632: ./conftest
configure:3632: $? = 0
configure:3643: result: yes
configure:3656: checking for sys/types.h
configure:3656: gcc -c -g -O2 -fdebug-prefix-map=/home/lxy/plymouth/boot_shutdown/plymouth=. -fstack-protector-strong -Wformat -Werror=format-security -Wdate-time -D_FORTIFY_SOURCE=2 conftest.c >&5
configure:3656: $? = 0
configure:3656: result: yes
configure:3656: checking for sys/stat.h
configure:3656: gcc -c -g -O2 -fdebug-prefix-map=/home/lxy/plymouth/boot_shutdown/plymouth=. -fstack-protector-strong -Wformat -Werror=format-security -Wdate-time -D_FORTIFY_SOURCE=2 conftest.c >&5
configure:3656: $? = 0
configure:3656: result: yes
configure:3656: checking for stdlib.h
configure:3656: gcc -c -g -O2 -fdebug-prefix-map=/home/lxy/plymouth/boot_shutdown/plymouth=. -fstack-protector-strong -Wformat -Werror=format-security -Wdate-time -D_FORTIFY_SOURCE=2 conftest.c >&5
configure:3656: $? = 0
configure:3656: result: yes
configure:3656: checking for string.h
configure:3656: gcc -c -g -O2 -fdebug-prefix-map=/home/lxy/plymouth/boot_shutdown/plymouth=. -fstack-protector-strong -Wformat -Werror=format-security -Wdate-time -D_FORTIFY_SOURCE=2 conftest.c >&5
configure:3656: $? = 0
configure:3656: result: yes
configure:3656: checking for memory.h
configure:3656: gcc -c -g -O2 -fdebug-prefix-map=/home/lxy/plymouth/boot_shutdown/plymouth=. -fstack-protector-strong -Wformat -Werror=format-security -Wdate-time -D_FORTIFY_SOURCE=2 conftest.c >&5
configure:3656: $? = 0
configure:3656: result: yes
configure:3656: checking for strings.h
configure:3656: gcc -c -g -O2 -fdebug-prefix-map=/home/lxy/plymouth/boot_shutdown/plymouth=. -fstack-protector-strong -Wformat -Werror=format-security -Wdate-time -D_FORTIFY_SOURCE=2 conftest.c >&5
configure:3656: $? = 0
configure:3656: result: yes
configure:3656: checking for inttypes.h
configure:3656: gcc -c -g -O2 -fdebug-prefix-map=/home/lxy/plymouth/boot_shutdown/plymouth=. -fstack-protector-strong -Wformat -Werror=format-security -Wdate-time -D_FORTIFY_SOURCE=2 conftest.c >&5
configure:3656: $? = 0
configure:3656: result: yes
configure:3656: checking for stdint.h
configure:3656: gcc -c -g -O2 -fdebug-prefix-map=/home/lxy/plymouth/boot_shutdown/plymouth=. -fstack-protector-strong -Wformat -Werror=format-security -Wdate-time -D_FORTIFY_SOURCE=2 conftest.c >&5
configure:3656: $? = 0
configure:3656: result: yes
configure:3656: checking for unistd.h
configure:3656: gcc -c -g -O2 -fdebug-prefix-map=/home/lxy/plymouth/boot_shutdown/plymouth=. -fstack-protector-strong -Wformat -Werror=format-security -Wdate-time -D_FORTIFY_SOURCE=2 conftest.c >&5
configure:3656: $? = 0
configure:3656: result: yes
configure:3669: checking minix/config.h usability
configure:3669: gcc -c -g -O2 -fdebug-prefix-map=/home/lxy/plymouth/boot_shutdown/plymouth=. -fstack-protector-strong -Wformat -Werror=format-security -Wdate-time -D_FORTIFY_SOURCE=2 conftest.c >&5
conftest.c:52:10: fatal error: minix/config.h: No such file or directory
   52 | #include <minix/config.h>
      |          ^~~~~~~~~~~~~~~~
compilation terminated.
configure:3669: $? = 1
configure: failed program was:
| /* confdefs.h */
| #define PACKAGE_NAME "plymouth"
| #define PACKAGE_TARNAME "plymouth"
| #define PACKAGE_VERSION "0.9.5"
| #define PACKAGE_STRING "plymouth 0.9.5"
| #define PACKAGE_BUGREPORT "https://gitlab.freedesktop.org/plymouth/plymouth/issues"
| #define PACKAGE_URL ""
| #define STDC_HEADERS 1
| #define HAVE_SYS_TYPES_H 1
| #define HAVE_SYS_STAT_H 1
| #define HAVE_STDLIB_H 1
| #define HAVE_STRING_H 1
| #define HAVE_MEMORY_H 1
| #define HAVE_STRINGS_H 1
| #define HAVE_INTTYPES_H 1
| #define HAVE_STDINT_H 1
| #define HAVE_UNISTD_H 1
| /* end confdefs.h.  */
| #include <stdio.h>
| #ifdef HAVE_SYS_TYPES_H
| # include <sys/types.h>
| #endif
| #ifdef HAVE_SYS_STAT_H
| # include <sys/stat.h>
| #endif
| #ifdef STDC_HEADERS
| # include <stdlib.h>
| # include <stddef.h>
| #else
| # ifdef HAVE_STDLIB_H
| #  include <stdlib.h>
| # endif
| #endif
| #ifdef HAVE_STRING_H
| # if !defined STDC_HEADERS && defined HAVE_MEMORY_H
| #  include <memory.h>
| # endif
| # include <string.h>
| #endif
| #ifdef HAVE_STRINGS_H
| # include <strings.h>
| #endif
| #ifdef HAVE_INTTYPES_H
| # include <inttypes.h>
| #endif
| #ifdef HAVE_STDINT_H
| # include <stdint.h>
| #endif
| #ifdef HAVE_UNISTD_H
| # include <unistd.h>
| #endif
| #include <minix/config.h>
configure:3669: result: no
configure:3669: checking minix/config.h presence
configure:3669: gcc -E -Wdate-time -D_FORTIFY_SOURCE=2 conftest.c
conftest.c:19:10: fatal error: minix/config.h: No such file or directory
   19 | #include <minix/config.h>
      |          ^~~~~~~~~~~~~~~~
compilation terminated.
configure:3669: $? = 1
configure: failed program was:
| /* confdefs.h */
| #define PACKAGE_NAME "plymouth"
| #define PACKAGE_TARNAME "plymouth"
| #define PACKAGE_VERSION "0.9.5"
| #define PACKAGE_STRING "plymouth 0.9.5"
| #define PACKAGE_BUGREPORT "https://gitlab.freedesktop.org/plymouth/plymouth/issues"
| #define PACKAGE_URL ""
| #define STDC_HEADERS 1
| #define HAVE_SYS_TYPES_H 1
| #define HAVE_SYS_STAT_H 1
| #define HAVE_STDLIB_H 1
| #define HAVE_STRING_H 1
| #define HAVE_MEMORY_H 1
| #define HAVE_STRINGS_H 1
| #define HAVE_INTTYPES_H 1
| #define HAVE_STDINT_H 1
| #define HAVE_UNISTD_H 1
| /* end confdefs.h.  */
| #include <minix/config.h>
configure:3669: result: no
configure:3669: checking for minix/config.h
configure:3669: result: no
configure:3690: checking whether it is safe to define __EXTENSIONS__
configure:3708: gcc -c -g -O2 -fdebug-prefix-map=/home/lxy/plymouth/boot_shutdown/plymouth=. -fstack-protector-strong -Wformat -Werror=format-security -Wdate-time -D_FORTIFY_SOURCE=2 conftest.c >&5
configure:3708: $? = 0
configure:3715: result: yes
configure:3736: checking for special C compiler options needed for large files
configure:3781: result: no
configure:3787: checking for _FILE_OFFSET_BITS value needed for large files
configure:3812: gcc -c -g -O2 -fdebug-prefix-map=/home/lxy/plymouth/boot_shutdown/plymouth=. -fstack-protector-strong -Wformat -Werror=format-security -Wdate-time -D_FORTIFY_SOURCE=2 conftest.c >&5
configure:3812: $? = 0
configure:3844: result: no
configure:3933: checking for gawk
configure:3949: found /usr/bin/gawk
configure:3960: result: gawk
configure:3975: checking for gcc option to accept ISO C99
configure:4124: gcc  -c -g -O2 -fdebug-prefix-map=/home/lxy/plymouth/boot_shutdown/plymouth=. -fstack-protector-strong -Wformat -Werror=format-security -Wdate-time -D_FORTIFY_SOURCE=2 conftest.c >&5
configure:4124: $? = 0
configure:4137: result: none needed
configure:4245: checking for gcc option to accept ISO Standard C
configure:4256: result: none needed
configure:4264: checking for ANSI C header files
configure:4368: result: yes
configure:4376: checking for an ANSI C-conforming const
configure:4442: gcc -c -g -O2 -fdebug-prefix-map=/home/lxy/plymouth/boot_shutdown/plymouth=. -fstack-protector-strong -Wformat -Werror=format-security -Wdate-time -D_FORTIFY_SOURCE=2 conftest.c >&5
configure:4442: $? = 0
configure:4449: result: yes
configure:4474: checking for a BSD-compatible install
configure:4542: result: /usr/bin/install -c
configure:4553: checking whether build environment is sane
configure:4608: result: yes
configure:4754: checking for a thread-safe mkdir -p
configure:4793: result: /usr/bin/mkdir -p
configure:4796: checking whether make sets $(MAKE)
configure:4818: result: yes
configure:4840: checking whether make supports the include directive
configure:4855: make -f confmf.GNU && cat confinc.out
make[2]: Entering directory '/home/lxy/plymouth/boot_shutdown/plymouth'
make[2]: Leaving directory '/home/lxy/plymouth/boot_shutdown/plymouth'
this is the am__doit target
configure:4858: $? = 0
configure:4877: result: yes (GNU style)
configure:4910: checking whether make supports nested variables
configure:4927: result: yes
configure:5012: checking dependency style of gcc
configure:5123: result: none
configure:5192: checking whether make supports nested variables
configure:5209: result: yes
configure:5221: checking whether to enable maintainer-specific portions of Makefiles
configure:5230: result: no
configure:5245: checking for a sed that does not truncate output
configure:5309: result: /usr/bin/sed
configure:5315: checking whether NLS is requested
configure:5324: result: yes
configure:5364: checking for msgfmt
configure: trying /usr/bin/msgfmt...
0 translated messages.
configure:5396: result: /usr/bin/msgfmt
configure:5405: checking for gmsgfmt
configure:5436: result: /usr/bin/msgfmt
configure:5486: checking for xgettext
configure: trying /usr/bin/xgettext...
/usr/bin/xgettext: warning: file '/dev/null' extension '' is unknown; will try C
configure:5518: result: /usr/bin/xgettext
configure:5563: checking for msgmerge
configure: trying /usr/bin/msgmerge...
configure:5594: result: /usr/bin/msgmerge
configure:5631: checking build system type
configure:5645: result: x86_64-pc-linux-gnu
configure:5665: checking host system type
configure:5678: result: x86_64-pc-linux-gnu
configure:5723: checking for ld used by gcc
configure:5790: result: /usr/bin/ld
configure:5797: checking if the linker (/usr/bin/ld) is GNU ld
configure:5812: result: yes
configure:5819: checking for shared library run path origin
configure:5832: result: done
configure:6404: checking for CFPreferencesCopyAppValue
configure:6422: gcc -o conftest -g -O2 -fdebug-prefix-map=/home/lxy/plymouth/boot_shutdown/plymouth=. -fstack-protector-strong -Wformat -Werror=format-security -Wdate-time -D_FORTIFY_SOURCE=2 -Wl,-Bsymbolic-functions -Wl,-z,relro -Wl,-z,defs -Wl,--as-needed -Wl,-O1 conftest.c  -Wl,-framework -Wl,CoreFoundation >&5
conftest.c:27:10: fatal error: CoreFoundation/CFPreferences.h: No such file or directory
   27 | #include <CoreFoundation/CFPreferences.h>
      |          ^~~~~~~~~~~~~~~~~~~~~~~~~~~~~~~~
compilation terminated.
configure:6422: $? = 1
configure: failed program was:
| /* confdefs.h */
| #define PACKAGE_NAME "plymouth"
| #define PACKAGE_TARNAME "plymouth"
| #define PACKAGE_VERSION "0.9.5"
| #define PACKAGE_STRING "plymouth 0.9.5"
| #define PACKAGE_BUGREPORT "https://gitlab.freedesktop.org/plymouth/plymouth/issues"
| #define PACKAGE_URL ""
| #define STDC_HEADERS 1
| #define HAVE_SYS_TYPES_H 1
| #define HAVE_SYS_STAT_H 1
| #define HAVE_STDLIB_H 1
| #define HAVE_STRING_H 1
| #define HAVE_MEMORY_H 1
| #define HAVE_STRINGS_H 1
| #define HAVE_INTTYPES_H 1
| #define HAVE_STDINT_H 1
| #define HAVE_UNISTD_H 1
| #define __EXTENSIONS__ 1
| #define _ALL_SOURCE 1
| #define _GNU_SOURCE 1
| #define _POSIX_PTHREAD_SEMANTICS 1
| #define _TANDEM_SOURCE 1
| #define STDC_HEADERS 1
| #define PACKAGE "plymouth"
| #define VERSION "0.9.5"
| /* end confdefs.h.  */
| #include <CoreFoundation/CFPreferences.h>
| int
| main ()
| {
| CFPreferencesCopyAppValue(NULL, NULL)
|   ;
|   return 0;
| }
configure:6431: result: no
configure:6438: checking for CFLocaleCopyCurrent
configure:6456: gcc -o conftest -g -O2 -fdebug-prefix-map=/home/lxy/plymouth/boot_shutdown/plymouth=. -fstack-protector-strong -Wformat -Werror=format-security -Wdate-time -D_FORTIFY_SOURCE=2 -Wl,-Bsymbolic-functions -Wl,-z,relro -Wl,-z,defs -Wl,--as-needed -Wl,-O1 conftest.c  -Wl,-framework -Wl,CoreFoundation >&5
conftest.c:27:10: fatal error: CoreFoundation/CFLocale.h: No such file or directory
   27 | #include <CoreFoundation/CFLocale.h>
      |          ^~~~~~~~~~~~~~~~~~~~~~~~~~~
compilation terminated.
configure:6456: $? = 1
configure: failed program was:
| /* confdefs.h */
| #define PACKAGE_NAME "plymouth"
| #define PACKAGE_TARNAME "plymouth"
| #define PACKAGE_VERSION "0.9.5"
| #define PACKAGE_STRING "plymouth 0.9.5"
| #define PACKAGE_BUGREPORT "https://gitlab.freedesktop.org/plymouth/plymouth/issues"
| #define PACKAGE_URL ""
| #define STDC_HEADERS 1
| #define HAVE_SYS_TYPES_H 1
| #define HAVE_SYS_STAT_H 1
| #define HAVE_STDLIB_H 1
| #define HAVE_STRING_H 1
| #define HAVE_MEMORY_H 1
| #define HAVE_STRINGS_H 1
| #define HAVE_INTTYPES_H 1
| #define HAVE_STDINT_H 1
| #define HAVE_UNISTD_H 1
| #define __EXTENSIONS__ 1
| #define _ALL_SOURCE 1
| #define _GNU_SOURCE 1
| #define _POSIX_PTHREAD_SEMANTICS 1
| #define _TANDEM_SOURCE 1
| #define STDC_HEADERS 1
| #define PACKAGE "plymouth"
| #define VERSION "0.9.5"
| /* end confdefs.h.  */
| #include <CoreFoundation/CFLocale.h>
| int
| main ()
| {
| CFLocaleCopyCurrent();
|   ;
|   return 0;
| }
configure:6465: result: no
configure:6514: checking for GNU gettext in libc
configure:6543: gcc -o conftest -g -O2 -fdebug-prefix-map=/home/lxy/plymouth/boot_shutdown/plymouth=. -fstack-protector-strong -Wformat -Werror=format-security -Wdate-time -D_FORTIFY_SOURCE=2 -Wl,-Bsymbolic-functions -Wl,-z,relro -Wl,-z,defs -Wl,--as-needed -Wl,-O1 conftest.c  >&5
configure:6543: $? = 0
configure:6552: result: yes
configure:7399: checking whether to use NLS
configure:7401: result: yes
configure:7404: checking where the gettext function comes from
configure:7415: result: libc
configure:7474: checking for intltool-extract
configure:7492: found /usr/bin/intltool-extract
configure:7504: result: /usr/bin/intltool-extract
configure:7570: checking for pkg-config
configure:7588: found /usr/bin/pkg-config
configure:7600: result: /usr/bin/pkg-config
configure:7625: checking pkg-config is at least version 0.9.0
configure:7628: result: yes
configure:7682: checking how to print strings
configure:7709: result: printf
configure:7730: checking for a sed that does not truncate output
configure:7794: result: /usr/bin/sed
configure:7812: checking for fgrep
configure:7874: result: /usr/bin/grep -F
configure:7909: checking for ld used by gcc
configure:7976: result: /usr/bin/ld
configure:7983: checking if the linker (/usr/bin/ld) is GNU ld
configure:7998: result: yes
configure:8010: checking for BSD- or MS-compatible name lister (nm)
configure:8064: result: /usr/bin/nm -B
configure:8194: checking the name lister (/usr/bin/nm -B) interface
configure:8201: gcc -c -g -O2 -fdebug-prefix-map=/home/lxy/plymouth/boot_shutdown/plymouth=. -fstack-protector-strong -Wformat -Werror=format-security -Wdate-time -D_FORTIFY_SOURCE=2 conftest.c >&5
configure:8204: /usr/bin/nm -B "conftest.o"
configure:8207: output
0000000000000000 B some_variable
configure:8208: result: BSD nm
configure:8211: checking whether ln -s works
configure:8215: result: yes
configure:8223: checking the maximum length of command line arguments
configure:8354: result: 1572864
configure:8402: checking how to convert x86_64-pc-linux-gnu file names to x86_64-pc-linux-gnu format
configure:8442: result: func_convert_file_noop
configure:8449: checking how to convert x86_64-pc-linux-gnu file names to toolchain format
configure:8469: result: func_convert_file_noop
configure:8476: checking for /usr/bin/ld option to reload object files
configure:8483: result: -r
configure:8557: checking for objdump
configure:8573: found /usr/bin/objdump
configure:8584: result: objdump
configure:8616: checking how to recognize dependent libraries
configure:8816: result: pass_all
configure:8901: checking for dlltool
configure:8931: result: no
configure:8961: checking how to associate runtime and link libraries
configure:8988: result: printf %s\n
configure:9048: checking for ar
configure:9064: found /usr/bin/ar
configure:9075: result: ar
configure:9112: checking for archiver @FILE support
configure:9129: gcc -c -g -O2 -fdebug-prefix-map=/home/lxy/plymouth/boot_shutdown/plymouth=. -fstack-protector-strong -Wformat -Werror=format-security -Wdate-time -D_FORTIFY_SOURCE=2 conftest.c >&5
configure:9129: $? = 0
configure:9132: ar cr libconftest.a @conftest.lst >&5
configure:9135: $? = 0
configure:9140: ar cr libconftest.a @conftest.lst >&5
ar: conftest.o: No such file or directory
configure:9143: $? = 1
configure:9142: result: @
configure:9200: checking for strip
configure:9216: found /usr/bin/strip
configure:9227: result: strip
configure:9299: checking for ranlib
configure:9315: found /usr/bin/ranlib
configure:9326: result: ranlib
configure:9428: checking command to parse /usr/bin/nm -B output from gcc object
configure:9581: gcc -c -g -O2 -fdebug-prefix-map=/home/lxy/plymouth/boot_shutdown/plymouth=. -fstack-protector-strong -Wformat -Werror=format-security -Wdate-time -D_FORTIFY_SOURCE=2 conftest.c >&5
configure:9584: $? = 0
configure:9588: /usr/bin/nm -B conftest.o | sed -n -e 's/^.*[	 ]\([ABCDGIRSTW][ABCDGIRSTW]*\)[	 ][	 ]*\([_A-Za-z][_A-Za-z0-9]*\)$/\1 \2 \2/p' | sed '/ __gnu_lto/d' > conftest.nm
configure:9654: gcc -o conftest -g -O2 -fdebug-prefix-map=/home/lxy/plymouth/boot_shutdown/plymouth=. -fstack-protector-strong -Wformat -Werror=format-security -Wdate-time -D_FORTIFY_SOURCE=2 -Wl,-Bsymbolic-functions -Wl,-z,relro -Wl,-z,defs -Wl,--as-needed -Wl,-O1 conftest.c conftstm.o >&5
configure:9657: $? = 0
configure:9695: result: ok
configure:9742: checking for sysroot
configure:9772: result: no
configure:9779: checking for a working dd
configure:9817: result: /usr/bin/dd
configure:9821: checking how to truncate binary pipes
configure:9836: result: /usr/bin/dd bs=4096 count=1
configure:9972: gcc -c -g -O2 -fdebug-prefix-map=/home/lxy/plymouth/boot_shutdown/plymouth=. -fstack-protector-strong -Wformat -Werror=format-security -Wdate-time -D_FORTIFY_SOURCE=2 conftest.c >&5
configure:9975: $? = 0
configure:10165: checking for mt
configure:10181: found /usr/bin/mt
configure:10192: result: mt
configure:10215: checking if mt is a manifest tool
configure:10221: mt '-?'
configure:10229: result: no
configure:10903: checking for dlfcn.h
configure:10903: gcc -c -g -O2 -fdebug-prefix-map=/home/lxy/plymouth/boot_shutdown/plymouth=. -fstack-protector-strong -Wformat -Werror=format-security -Wdate-time -D_FORTIFY_SOURCE=2 conftest.c >&5
configure:10903: $? = 0
configure:10903: result: yes
configure:11156: checking for objdir
configure:11171: result: .libs
configure:11435: checking if gcc supports -fno-rtti -fno-exceptions
configure:11453: gcc -c -g -O2 -fdebug-prefix-map=/home/lxy/plymouth/boot_shutdown/plymouth=. -fstack-protector-strong -Wformat -Werror=format-security -Wdate-time -D_FORTIFY_SOURCE=2 -fno-rtti -fno-exceptions conftest.c >&5
cc1: warning: command line option '-fno-rtti' is valid for C++/D/ObjC++ but not for C
configure:11457: $? = 0
configure:11470: result: no
configure:11834: checking for gcc option to produce PIC
configure:11841: result: -fPIC -DPIC
configure:11849: checking if gcc PIC flag -fPIC -DPIC works
configure:11867: gcc -c -g -O2 -fdebug-prefix-map=/home/lxy/plymouth/boot_shutdown/plymouth=. -fstack-protector-strong -Wformat -Werror=format-security -Wdate-time -D_FORTIFY_SOURCE=2 -fPIC -DPIC -DPIC conftest.c >&5
configure:11871: $? = 0
configure:11884: result: yes
configure:11913: checking if gcc static flag -static works
configure:11941: result: yes
configure:11956: checking if gcc supports -c -o file.o
configure:11977: gcc -c -g -O2 -fdebug-prefix-map=/home/lxy/plymouth/boot_shutdown/plymouth=. -fstack-protector-strong -Wformat -Werror=format-security -Wdate-time -D_FORTIFY_SOURCE=2 -o out/conftest2.o conftest.c >&5
configure:11981: $? = 0
configure:12003: result: yes
configure:12011: checking if gcc supports -c -o file.o
configure:12058: result: yes
configure:12091: checking whether the gcc linker (/usr/bin/ld -m elf_x86_64) supports shared libraries
configure:13354: result: yes
configure:13391: checking whether -lc should be explicitly linked in
configure:13399: gcc -c -g -O2 -fdebug-prefix-map=/home/lxy/plymouth/boot_shutdown/plymouth=. -fstack-protector-strong -Wformat -Werror=format-security -Wdate-time -D_FORTIFY_SOURCE=2 conftest.c >&5
configure:13402: $? = 0
configure:13417: gcc -shared  -fPIC -DPIC conftest.o  -v -Wl,-soname -Wl,conftest -o conftest 2\>\&1 \| /usr/bin/grep  -lc  \>/dev/null 2\>\&1
configure:13420: $? = 0
configure:13434: result: no
configure:13594: checking dynamic linker characteristics
configure:14175: gcc -o conftest -g -O2 -fdebug-prefix-map=/home/lxy/plymouth/boot_shutdown/plymouth=. -fstack-protector-strong -Wformat -Werror=format-security -Wdate-time -D_FORTIFY_SOURCE=2 -Wl,-Bsymbolic-functions -Wl,-z,relro -Wl,-z,defs -Wl,--as-needed -Wl,-O1 -Wl,-rpath -Wl,/foo conftest.c  >&5
configure:14175: $? = 0
configure:14424: result: GNU/Linux ld.so
configure:14546: checking how to hardcode library paths into programs
configure:14571: result: immediate
configure:14673: checking for shl_load
configure:14673: gcc -o conftest -g -O2 -fdebug-prefix-map=/home/lxy/plymouth/boot_shutdown/plymouth=. -fstack-protector-strong -Wformat -Werror=format-security -Wdate-time -D_FORTIFY_SOURCE=2 -Wl,-Bsymbolic-functions -Wl,-z,relro -Wl,-z,defs -Wl,--as-needed -Wl,-O1 conftest.c  >&5
/usr/bin/ld: /tmp/cclGJWfL.o: in function `main':
./conftest.c:66: undefined reference to `shl_load'
collect2: error: ld returned 1 exit status
configure:14673: $? = 1
configure: failed program was:
| /* confdefs.h */
| #define PACKAGE_NAME "plymouth"
| #define PACKAGE_TARNAME "plymouth"
| #define PACKAGE_VERSION "0.9.5"
| #define PACKAGE_STRING "plymouth 0.9.5"
| #define PACKAGE_BUGREPORT "https://gitlab.freedesktop.org/plymouth/plymouth/issues"
| #define PACKAGE_URL ""
| #define STDC_HEADERS 1
| #define HAVE_SYS_TYPES_H 1
| #define HAVE_SYS_STAT_H 1
| #define HAVE_STDLIB_H 1
| #define HAVE_STRING_H 1
| #define HAVE_MEMORY_H 1
| #define HAVE_STRINGS_H 1
| #define HAVE_INTTYPES_H 1
| #define HAVE_STDINT_H 1
| #define HAVE_UNISTD_H 1
| #define __EXTENSIONS__ 1
| #define _ALL_SOURCE 1
| #define _GNU_SOURCE 1
| #define _POSIX_PTHREAD_SEMANTICS 1
| #define _TANDEM_SOURCE 1
| #define STDC_HEADERS 1
| #define PACKAGE "plymouth"
| #define VERSION "0.9.5"
| #define ENABLE_NLS 1
| #define HAVE_GETTEXT 1
| #define HAVE_DCGETTEXT 1
| #define HAVE_DLFCN_H 1
| #define LT_OBJDIR ".libs/"
| /* end confdefs.h.  */
| /* Define shl_load to an innocuous variant, in case <limits.h> declares shl_load.
|    For example, HP-UX 11i <limits.h> declares gettimeofday.  */
| #define shl_load innocuous_shl_load
| 
| /* System header to define __stub macros and hopefully few prototypes,
|     which can conflict with char shl_load (); below.
|     Prefer <limits.h> to <assert.h> if __STDC__ is defined, since
|     <limits.h> exists even on freestanding compilers.  */
| 
| #ifdef __STDC__
| # include <limits.h>
| #else
| # include <assert.h>
| #endif
| 
| #undef shl_load
| 
| /* Override any GCC internal prototype to avoid an error.
|    Use char because int might match the return type of a GCC
|    builtin and then its argument prototype would still apply.  */
| #ifdef __cplusplus
| extern "C"
| #endif
| char shl_load ();
| /* The GNU C library defines this for functions which it implements
|     to always fail with ENOSYS.  Some functions are actually named
|     something starting with __ and the normal name is an alias.  */
| #if defined __stub_shl_load || defined __stub___shl_load
| choke me
| #endif
| 
| int
| main ()
| {
| return shl_load ();
|   ;
|   return 0;
| }
configure:14673: result: no
configure:14677: checking for shl_load in -ldld
configure:14702: gcc -o conftest -g -O2 -fdebug-prefix-map=/home/lxy/plymouth/boot_shutdown/plymouth=. -fstack-protector-strong -Wformat -Werror=format-security -Wdate-time -D_FORTIFY_SOURCE=2 -Wl,-Bsymbolic-functions -Wl,-z,relro -Wl,-z,defs -Wl,--as-needed -Wl,-O1 conftest.c -ldld   >&5
/usr/bin/ld: cannot find -ldld
collect2: error: ld returned 1 exit status
configure:14702: $? = 1
configure: failed program was:
| /* confdefs.h */
| #define PACKAGE_NAME "plymouth"
| #define PACKAGE_TARNAME "plymouth"
| #define PACKAGE_VERSION "0.9.5"
| #define PACKAGE_STRING "plymouth 0.9.5"
| #define PACKAGE_BUGREPORT "https://gitlab.freedesktop.org/plymouth/plymouth/issues"
| #define PACKAGE_URL ""
| #define STDC_HEADERS 1
| #define HAVE_SYS_TYPES_H 1
| #define HAVE_SYS_STAT_H 1
| #define HAVE_STDLIB_H 1
| #define HAVE_STRING_H 1
| #define HAVE_MEMORY_H 1
| #define HAVE_STRINGS_H 1
| #define HAVE_INTTYPES_H 1
| #define HAVE_STDINT_H 1
| #define HAVE_UNISTD_H 1
| #define __EXTENSIONS__ 1
| #define _ALL_SOURCE 1
| #define _GNU_SOURCE 1
| #define _POSIX_PTHREAD_SEMANTICS 1
| #define _TANDEM_SOURCE 1
| #define STDC_HEADERS 1
| #define PACKAGE "plymouth"
| #define VERSION "0.9.5"
| #define ENABLE_NLS 1
| #define HAVE_GETTEXT 1
| #define HAVE_DCGETTEXT 1
| #define HAVE_DLFCN_H 1
| #define LT_OBJDIR ".libs/"
| /* end confdefs.h.  */
| 
| /* Override any GCC internal prototype to avoid an error.
|    Use char because int might match the return type of a GCC
|    builtin and then its argument prototype would still apply.  */
| #ifdef __cplusplus
| extern "C"
| #endif
| char shl_load ();
| int
| main ()
| {
| return shl_load ();
|   ;
|   return 0;
| }
configure:14711: result: no
configure:14716: checking for dlopen
configure:14716: gcc -o conftest -g -O2 -fdebug-prefix-map=/home/lxy/plymouth/boot_shutdown/plymouth=. -fstack-protector-strong -Wformat -Werror=format-security -Wdate-time -D_FORTIFY_SOURCE=2 -Wl,-Bsymbolic-functions -Wl,-z,relro -Wl,-z,defs -Wl,--as-needed -Wl,-O1 conftest.c  >&5
/usr/bin/ld: /tmp/ccO1AqzZ.o: in function `main':
./conftest.c:66: undefined reference to `dlopen'
collect2: error: ld returned 1 exit status
configure:14716: $? = 1
configure: failed program was:
| /* confdefs.h */
| #define PACKAGE_NAME "plymouth"
| #define PACKAGE_TARNAME "plymouth"
| #define PACKAGE_VERSION "0.9.5"
| #define PACKAGE_STRING "plymouth 0.9.5"
| #define PACKAGE_BUGREPORT "https://gitlab.freedesktop.org/plymouth/plymouth/issues"
| #define PACKAGE_URL ""
| #define STDC_HEADERS 1
| #define HAVE_SYS_TYPES_H 1
| #define HAVE_SYS_STAT_H 1
| #define HAVE_STDLIB_H 1
| #define HAVE_STRING_H 1
| #define HAVE_MEMORY_H 1
| #define HAVE_STRINGS_H 1
| #define HAVE_INTTYPES_H 1
| #define HAVE_STDINT_H 1
| #define HAVE_UNISTD_H 1
| #define __EXTENSIONS__ 1
| #define _ALL_SOURCE 1
| #define _GNU_SOURCE 1
| #define _POSIX_PTHREAD_SEMANTICS 1
| #define _TANDEM_SOURCE 1
| #define STDC_HEADERS 1
| #define PACKAGE "plymouth"
| #define VERSION "0.9.5"
| #define ENABLE_NLS 1
| #define HAVE_GETTEXT 1
| #define HAVE_DCGETTEXT 1
| #define HAVE_DLFCN_H 1
| #define LT_OBJDIR ".libs/"
| /* end confdefs.h.  */
| /* Define dlopen to an innocuous variant, in case <limits.h> declares dlopen.
|    For example, HP-UX 11i <limits.h> declares gettimeofday.  */
| #define dlopen innocuous_dlopen
| 
| /* System header to define __stub macros and hopefully few prototypes,
|     which can conflict with char dlopen (); below.
|     Prefer <limits.h> to <assert.h> if __STDC__ is defined, since
|     <limits.h> exists even on freestanding compilers.  */
| 
| #ifdef __STDC__
| # include <limits.h>
| #else
| # include <assert.h>
| #endif
| 
| #undef dlopen
| 
| /* Override any GCC internal prototype to avoid an error.
|    Use char because int might match the return type of a GCC
|    builtin and then its argument prototype would still apply.  */
| #ifdef __cplusplus
| extern "C"
| #endif
| char dlopen ();
| /* The GNU C library defines this for functions which it implements
|     to always fail with ENOSYS.  Some functions are actually named
|     something starting with __ and the normal name is an alias.  */
| #if defined __stub_dlopen || defined __stub___dlopen
| choke me
| #endif
| 
| int
| main ()
| {
| return dlopen ();
|   ;
|   return 0;
| }
configure:14716: result: no
configure:14720: checking for dlopen in -ldl
configure:14745: gcc -o conftest -g -O2 -fdebug-prefix-map=/home/lxy/plymouth/boot_shutdown/plymouth=. -fstack-protector-strong -Wformat -Werror=format-security -Wdate-time -D_FORTIFY_SOURCE=2 -Wl,-Bsymbolic-functions -Wl,-z,relro -Wl,-z,defs -Wl,--as-needed -Wl,-O1 conftest.c -ldl   >&5
configure:14745: $? = 0
configure:14754: result: yes
configure:14873: checking whether a program can dlopen itself
configure:14953: gcc -o conftest -g -O2 -fdebug-prefix-map=/home/lxy/plymouth/boot_shutdown/plymouth=. -fstack-protector-strong -Wformat -Werror=format-security -Wdate-time -D_FORTIFY_SOURCE=2 -DHAVE_DLFCN_H -Wl,-Bsymbolic-functions -Wl,-z,relro -Wl,-z,defs -Wl,--as-needed -Wl,-O1 -Wl,--export-dynamic conftest.c -ldl  >&5
configure:14956: $? = 0
configure:14974: result: yes
configure:14979: checking whether a statically linked program can dlopen itself
configure:15059: gcc -o conftest -g -O2 -fdebug-prefix-map=/home/lxy/plymouth/boot_shutdown/plymouth=. -fstack-protector-strong -Wformat -Werror=format-security -Wdate-time -D_FORTIFY_SOURCE=2 -DHAVE_DLFCN_H -Wl,-Bsymbolic-functions -Wl,-z,relro -Wl,-z,defs -Wl,--as-needed -Wl,-O1 -Wl,--export-dynamic -static conftest.c -ldl  >&5
/usr/bin/ld: /tmp/ccz3HLnJ.o: in function `main':
./configure:15038: warning: Using 'dlopen' in statically linked applications requires at runtime the shared libraries from the glibc version used for linking
configure:15062: $? = 0
conftest: undefined symbol: _fnord
configure:15080: result: no
configure:15119: checking whether stripping libraries is possible
configure:15124: result: yes
configure:15159: checking if libtool supports shared libraries
configure:15161: result: yes
configure:15164: checking whether to build shared libraries
configure:15189: result: yes
configure:15192: checking whether to build static libraries
configure:15196: result: yes
configure:12028: checking for IMAGE
configure:12035: $PKG_CONFIG --exists --print-errors "libpng >= 1.2.16 "
configure:12038: $? = 0
configure:12052: $PKG_CONFIG --exists --print-errors "libpng >= 1.2.16 "
configure:12055: $? = 0
configure:12113: result: yes
configure:12132: checking for UDEV
configure:12139: $PKG_CONFIG --exists --print-errors "libudev"
configure:12142: $? = 0
configure:12156: $PKG_CONFIG --exists --print-errors "libudev"
configure:12159: $? = 0
configure:12197: result: yes
configure:12220: checking for systemd-tty-ask-password-agent
configure:12238: found /usr/bin/systemd-tty-ask-password-agent
configure:12250: result: /usr/bin/systemd-tty-ask-password-agent
configure:12260: checking for udevadm
configure:12278: found /usr/bin/udevadm
configure:12290: result: /usr/bin/udevadm
configure:12318: checking for PANGO
configure:12325: $PKG_CONFIG --exists --print-errors "pangocairo >= 1.21.0 "
configure:12328: $? = 0
configure:12342: $PKG_CONFIG --exists --print-errors "pangocairo >= 1.21.0 "
configure:12345: $? = 0
configure:12403: result: yes
configure:12430: checking for GTK
configure:12437: $PKG_CONFIG --exists --print-errors "gtk+-3.0 >= 3.14.0"
configure:12440: $? = 0
configure:12454: $PKG_CONFIG --exists --print-errors "gtk+-3.0 >= 3.14.0"
configure:12457: $? = 0
configure:12515: result: yes
configure:12542: checking for DRM
configure:12549: $PKG_CONFIG --exists --print-errors "libdrm"
configure:12552: $? = 0
configure:12566: $PKG_CONFIG --exists --print-errors "libdrm"
configure:12569: $? = 0
configure:12627: result: yes
configure:12643: checking for xsltproc
configure:12661: found /usr/bin/xsltproc
configure:12673: result: /usr/bin/xsltproc
configure:13274: checking for more warnings
configure:13277: result: yes
configure:13300: checking for supported warning flags
configure:13322: checking whether gcc supports -Wall
configure:13339: gcc -c -g -O2 -fdebug-prefix-map=/home/lxy/plymouth/boot_shutdown/plymouth=. -fstack-protector-strong -Wformat -Werror=format-security -Wall -Wdate-time -D_FORTIFY_SOURCE=2 conftest.c >&5
configure:13339: $? = 0
configure:13352: result: yes
configure:13322: checking whether gcc supports -Wextra
configure:13339: gcc -c -g -O2 -fdebug-prefix-map=/home/lxy/plymouth/boot_shutdown/plymouth=. -fstack-protector-strong -Wformat -Werror=format-security -Wextra -Wdate-time -D_FORTIFY_SOURCE=2 conftest.c >&5
configure:13339: $? = 0
configure:13352: result: yes
configure:13322: checking whether gcc supports -Wchar-subscripts
configure:13339: gcc -c -g -O2 -fdebug-prefix-map=/home/lxy/plymouth/boot_shutdown/plymouth=. -fstack-protector-strong -Wformat -Werror=format-security -Wchar-subscripts -Wdate-time -D_FORTIFY_SOURCE=2 conftest.c >&5
configure:13339: $? = 0
configure:13352: result: yes
configure:13322: checking whether gcc supports -Wmissing-declarations
configure:13339: gcc -c -g -O2 -fdebug-prefix-map=/home/lxy/plymouth/boot_shutdown/plymouth=. -fstack-protector-strong -Wformat -Werror=format-security -Wmissing-declarations -Wdate-time -D_FORTIFY_SOURCE=2 conftest.c >&5
configure:13339: $? = 0
configure:13352: result: yes
configure:13322: checking whether gcc supports -Wmissing-prototypes
configure:13339: gcc -c -g -O2 -fdebug-prefix-map=/home/lxy/plymouth/boot_shutdown/plymouth=. -fstack-protector-strong -Wformat -Werror=format-security -Wmissing-prototypes -Wdate-time -D_FORTIFY_SOURCE=2 conftest.c >&5
configure:13339: $? = 0
configure:13352: result: yes
configure:13322: checking whether gcc supports -Wwrite-strings
configure:13339: gcc -c -g -O2 -fdebug-prefix-map=/home/lxy/plymouth/boot_shutdown/plymouth=. -fstack-protector-strong -Wformat -Werror=format-security -Wwrite-strings -Wdate-time -D_FORTIFY_SOURCE=2 conftest.c >&5
configure:13339: $? = 0
configure:13352: result: yes
configure:13322: checking whether gcc supports -Wnested-externs
configure:13339: gcc -c -g -O2 -fdebug-prefix-map=/home/lxy/plymouth/boot_shutdown/plymouth=. -fstack-protector-strong -Wformat -Werror=format-security -Wnested-externs -Wdate-time -D_FORTIFY_SOURCE=2 conftest.c >&5
configure:13339: $? = 0
configure:13352: result: yes
configure:13322: checking whether gcc supports -Wpointer-arith
configure:13339: gcc -c -g -O2 -fdebug-prefix-map=/home/lxy/plymouth/boot_shutdown/plymouth=. -fstack-protector-strong -Wformat -Werror=format-security -Wpointer-arith -Wdate-time -D_FORTIFY_SOURCE=2 conftest.c >&5
configure:13339: $? = 0
configure:13352: result: yes
configure:13322: checking whether gcc supports -Wswitch-enum
configure:13339: gcc -c -g -O2 -fdebug-prefix-map=/home/lxy/plymouth/boot_shutdown/plymouth=. -fstack-protector-strong -Wformat -Werror=format-security -Wswitch-enum -Wdate-time -D_FORTIFY_SOURCE=2 conftest.c >&5
configure:13339: $? = 0
configure:13352: result: yes
configure:13322: checking whether gcc supports -Wstrict-aliasing=2
configure:13339: gcc -c -g -O2 -fdebug-prefix-map=/home/lxy/plymouth/boot_shutdown/plymouth=. -fstack-protector-strong -Wformat -Werror=format-security -Wstrict-aliasing=2 -Wdate-time -D_FORTIFY_SOURCE=2 conftest.c >&5
configure:13339: $? = 0
configure:13352: result: yes
configure:13322: checking whether gcc supports -Winit-self
configure:13339: gcc -c -g -O2 -fdebug-prefix-map=/home/lxy/plymouth/boot_shutdown/plymouth=. -fstack-protector-strong -Wformat -Werror=format-security -Winit-self -Wdate-time -D_FORTIFY_SOURCE=2 conftest.c >&5
configure:13339: $? = 0
configure:13352: result: yes
configure:13322: checking whether gcc supports -Wunsafe-loop-optimizations
configure:13339: gcc -c -g -O2 -fdebug-prefix-map=/home/lxy/plymouth/boot_shutdown/plymouth=. -fstack-protector-strong -Wformat -Werror=format-security -Wunsafe-loop-optimizations -Wdate-time -D_FORTIFY_SOURCE=2 conftest.c >&5
configure:13339: $? = 0
configure:13352: result: yes
configure:13322: checking whether gcc supports -Wno-missing-field-initializers
configure:13339: gcc -c -g -O2 -fdebug-prefix-map=/home/lxy/plymouth/boot_shutdown/plymouth=. -fstack-protector-strong -Wformat -Werror=format-security -Wno-missing-field-initializers -Wdate-time -D_FORTIFY_SOURCE=2 conftest.c >&5
configure:13339: $? = 0
configure:13352: result: yes
configure:13322: checking whether gcc supports -Wno-unused-parameter
configure:13339: gcc -c -g -O2 -fdebug-prefix-map=/home/lxy/plymouth/boot_shutdown/plymouth=. -fstack-protector-strong -Wformat -Werror=format-security -Wno-unused-parameter -Wdate-time -D_FORTIFY_SOURCE=2 conftest.c >&5
configure:13339: $? = 0
configure:13352: result: yes
configure:13322: checking whether gcc supports -Wno-unused-result
configure:13339: gcc -c -g -O2 -fdebug-prefix-map=/home/lxy/plymouth/boot_shutdown/plymouth=. -fstack-protector-strong -Wformat -Werror=format-security -Wno-unused-result -Wdate-time -D_FORTIFY_SOURCE=2 conftest.c >&5
configure:13339: $? = 0
configure:13352: result: yes
configure:13322: checking whether gcc supports -Wno-cast-function-type
configure:13339: gcc -c -g -O2 -fdebug-prefix-map=/home/lxy/plymouth/boot_shutdown/plymouth=. -fstack-protector-strong -Wformat -Werror=format-security -Wno-cast-function-type -Wdate-time -D_FORTIFY_SOURCE=2 conftest.c >&5
configure:13339: $? = 0
configure:13352: result: yes
configure:13322: checking whether gcc supports -Wcast-align
configure:13339: gcc -c -g -O2 -fdebug-prefix-map=/home/lxy/plymouth/boot_shutdown/plymouth=. -fstack-protector-strong -Wformat -Werror=format-security -Wcast-align -Wdate-time -D_FORTIFY_SOURCE=2 conftest.c >&5
configure:13339: $? = 0
configure:13352: result: yes
configure:13322: checking whether gcc supports -Wsign-compare
configure:13339: gcc -c -g -O2 -fdebug-prefix-map=/home/lxy/plymouth/boot_shutdown/plymouth=. -fstack-protector-strong -Wformat -Werror=format-security -Wsign-compare -Wdate-time -D_FORTIFY_SOURCE=2 conftest.c >&5
configure:13339: $? = 0
configure:13352: result: yes
configure:13322: checking whether gcc supports -Wp,-D_FORTIFY_SOURCE=2
configure:13339: gcc -c -g -O2 -fdebug-prefix-map=/home/lxy/plymouth/boot_shutdown/plymouth=. -fstack-protector-strong -Wformat -Werror=format-security -Wp,-D_FORTIFY_SOURCE=2 -Wdate-time -D_FORTIFY_SOURCE=2 conftest.c >&5
configure:13339: $? = 0
configure:13352: result: yes
configure:13360: checking which warning flags were supported
configure:13363: result:  -Wall -Wextra -Wchar-subscripts -Wmissing-declarations -Wmissing-prototypes -Wwrite-strings -Wnested-externs -Wpointer-arith -Wswitch-enum -Wstrict-aliasing=2 -Winit-self -Wunsafe-loop-optimizations -Wno-missing-field-initializers -Wno-unused-parameter -Wno-unused-result -Wno-cast-function-type -Wcast-align -Wsign-compare -Wp,-D_FORTIFY_SOURCE=2
configure:13707: checking that generated files are newer than configure
configure:13713: result: done
configure:13776: creating ./config.status

## ---------------------- ##
## Running config.status. ##
## ---------------------- ##

This file was extended by plymouth config.status 0.9.5, which was
generated by GNU Autoconf 2.69.  Invocation command line was

  CONFIG_FILES    = 
  CONFIG_HEADERS  = 
  CONFIG_LINKS    = 
  CONFIG_COMMANDS = 
  $ ./config.status 

on lxy-PC

config.status:1250: creating Makefile
config.status:1250: creating po/Makefile.in
config.status:1250: creating src/libply/Makefile
config.status:1250: creating src/libply-splash-core/Makefile
config.status:1250: creating src/libply-splash-graphics/Makefile
config.status:1250: creating src/ply-splash-core.pc
config.status:1250: creating src/ply-splash-graphics.pc
config.status:1250: creating src/plugins/Makefile
config.status:1250: creating src/plugins/renderers/Makefile
config.status:1250: creating src/plugins/renderers/frame-buffer/Makefile
config.status:1250: creating src/plugins/renderers/drm/Makefile
config.status:1250: creating src/plugins/renderers/x11/Makefile
config.status:1250: creating src/plugins/splash/Makefile
config.status:1250: creating src/plugins/splash/fade-throbber/Makefile
config.status:1250: creating src/plugins/splash/tribar/Makefile
config.status:1250: creating src/plugins/splash/ubuntu-text/Makefile
config.status:1250: creating src/plugins/splash/text/Makefile
config.status:1250: creating src/plugins/splash/details/Makefile
config.status:1250: creating src/plugins/splash/space-flares/Makefile
config.status:1250: creating src/plugins/splash/two-step/Makefile
config.status:1250: creating src/plugins/splash/script/Makefile
config.status:1250: creating src/plugins/controls/Makefile
config.status:1250: creating src/plugins/controls/label/Makefile
config.status:1250: creating src/Makefile
config.status:1250: creating src/client/ply-boot-client.pc
config.status:1250: creating src/client/Makefile
config.status:1250: creating src/upstart-bridge/Makefile
config.status:1250: creating themes/Makefile
config.status:1250: creating themes/spinfinity/Makefile
config.status:1250: creating themes/fade-in/Makefile
config.status:1250: creating themes/tribar/Makefile
config.status:1250: creating themes/text/Makefile
config.status:1250: creating themes/details/Makefile
config.status:1250: creating themes/solar/Makefile
config.status:1250: creating themes/glow/Makefile
config.status:1250: creating themes/spinner/Makefile
config.status:1250: creating themes/script/Makefile
config.status:1250: creating themes/ubuntu-logo/Makefile
config.status:1250: creating themes/bgrt/Makefile
config.status:1250: creating themes/ubuntu-text/Makefile
config.status:1250: creating images/Makefile
config.status:1250: creating scripts/plymouth-generate-initrd
config.status:1250: creating scripts/plymouth-populate-initrd
config.status:1250: creating scripts/plymouth-set-default-theme
config.status:1250: creating scripts/Makefile
config.status:1250: creating systemd-units/plymouth-halt.service
config.status:1250: creating systemd-units/plymouth-kexec.service
config.status:1250: creating systemd-units/plymouth-poweroff.service
config.status:1250: creating systemd-units/plymouth-quit.service
config.status:1250: creating systemd-units/plymouth-quit-wait.service
config.status:1250: creating systemd-units/plymouth-read-write.service
config.status:1250: creating systemd-units/plymouth-reboot.service
config.status:1250: creating systemd-units/plymouth-start.service
config.status:1250: creating systemd-units/plymouth-switch-root.service
config.status:1250: creating systemd-units/systemd-ask-password-plymouth.path
config.status:1250: creating systemd-units/systemd-ask-password-plymouth.service
config.status:1250: creating systemd-units/Makefile
config.status:1250: creating docs/Makefile
config.status:1250: creating config.h
config.status:1479: executing depfiles commands
config.status:1479: executing po-directories commands
config.status:1479: executing libtool commands
configure:16094: WARNING: unrecognized options: --disable-gdm-transition

## ---------------- ##
## Cache variables. ##
## ---------------- ##

ac_cv_build=x86_64-pc-linux-gnu
ac_cv_c_compiler_gnu=yes
ac_cv_c_const=yes
ac_cv_env_CC_set=
ac_cv_env_CC_value=
ac_cv_env_CFLAGS_set=set
ac_cv_env_CFLAGS_value='-g -O2 -fdebug-prefix-map=/home/lxy/plymouth/boot_shutdown/plymouth=. -fstack-protector-strong -Wformat -Werror=format-security'
ac_cv_env_CPPFLAGS_set=set
ac_cv_env_CPPFLAGS_value='-Wdate-time -D_FORTIFY_SOURCE=2'
ac_cv_env_CPP_set=
ac_cv_env_CPP_value=
ac_cv_env_DBUS_CFLAGS_set=
ac_cv_env_DBUS_CFLAGS_value=
ac_cv_env_DBUS_LIBS_set=
ac_cv_env_DBUS_LIBS_value=
ac_cv_env_DRM_CFLAGS_set=
ac_cv_env_DRM_CFLAGS_value=
ac_cv_env_DRM_LIBS_set=
ac_cv_env_DRM_LIBS_value=
ac_cv_env_GTK_CFLAGS_set=
ac_cv_env_GTK_CFLAGS_value=
ac_cv_env_GTK_LIBS_set=
ac_cv_env_GTK_LIBS_value=
ac_cv_env_IMAGE_CFLAGS_set=
ac_cv_env_IMAGE_CFLAGS_value=
ac_cv_env_IMAGE_LIBS_set=
ac_cv_env_IMAGE_LIBS_value=
ac_cv_env_LDFLAGS_set=set
ac_cv_env_LDFLAGS_value='-Wl,-Bsymbolic-functions -Wl,-z,relro -Wl,-z,defs -Wl,--as-needed -Wl,-O1'
ac_cv_env_LIBS_set=
ac_cv_env_LIBS_value=
ac_cv_env_LT_SYS_LIBRARY_PATH_set=
ac_cv_env_LT_SYS_LIBRARY_PATH_value=
ac_cv_env_PANGO_CFLAGS_set=
ac_cv_env_PANGO_CFLAGS_value=
ac_cv_env_PANGO_LIBS_set=
ac_cv_env_PANGO_LIBS_value=
ac_cv_env_PKG_CONFIG_LIBDIR_set=
ac_cv_env_PKG_CONFIG_LIBDIR_value=
ac_cv_env_PKG_CONFIG_PATH_set=
ac_cv_env_PKG_CONFIG_PATH_value=
ac_cv_env_PKG_CONFIG_set=
ac_cv_env_PKG_CONFIG_value=
ac_cv_env_UDEV_CFLAGS_set=
ac_cv_env_UDEV_CFLAGS_value=
ac_cv_env_UDEV_LIBS_set=
ac_cv_env_UDEV_LIBS_value=
ac_cv_env_build_alias_set=set
ac_cv_env_build_alias_value=x86_64-linux-gnu
ac_cv_env_host_alias_set=
ac_cv_env_host_alias_value=
ac_cv_env_target_alias_set=
ac_cv_env_target_alias_value=
ac_cv_func_dlopen=no
ac_cv_func_shl_load=no
ac_cv_header_dlfcn_h=yes
ac_cv_header_inttypes_h=yes
ac_cv_header_memory_h=yes
ac_cv_header_minix_config_h=no
ac_cv_header_stdc=yes
ac_cv_header_stdint_h=yes
ac_cv_header_stdlib_h=yes
ac_cv_header_string_h=yes
ac_cv_header_strings_h=yes
ac_cv_header_sys_stat_h=yes
ac_cv_header_sys_types_h=yes
ac_cv_header_unistd_h=yes
ac_cv_host=x86_64-pc-linux-gnu
ac_cv_lib_dl_dlopen=yes
ac_cv_lib_dld_shl_load=no
ac_cv_objext=o
ac_cv_path_EGREP='/usr/bin/grep -E'
ac_cv_path_FGREP='/usr/bin/grep -F'
ac_cv_path_GMSGFMT=/usr/bin/msgfmt
ac_cv_path_GREP=/usr/bin/grep
ac_cv_path_INTLTOOL_EXTRACT=/usr/bin/intltool-extract
ac_cv_path_MSGFMT=/usr/bin/msgfmt
ac_cv_path_MSGMERGE=/usr/bin/msgmerge
ac_cv_path_SED=/usr/bin/sed
ac_cv_path_SYSTEMD_ASK_PASSWORD_AGENT=/usr/bin/systemd-tty-ask-password-agent
ac_cv_path_UDEVADM=/usr/bin/udevadm
ac_cv_path_XGETTEXT=/usr/bin/xgettext
ac_cv_path_XSLTPROC=/usr/bin/xsltproc
ac_cv_path_ac_pt_PKG_CONFIG=/usr/bin/pkg-config
ac_cv_path_install='/usr/bin/install -c'
ac_cv_path_lt_DD=/usr/bin/dd
ac_cv_path_mkdir=/usr/bin/mkdir
ac_cv_prog_AWK=gawk
ac_cv_prog_CPP='gcc -E'
ac_cv_prog_ac_ct_AR=ar
ac_cv_prog_ac_ct_CC=gcc
ac_cv_prog_ac_ct_MANIFEST_TOOL=mt
ac_cv_prog_ac_ct_OBJDUMP=objdump
ac_cv_prog_ac_ct_RANLIB=ranlib
ac_cv_prog_ac_ct_STRIP=strip
ac_cv_prog_cc_c89=
ac_cv_prog_cc_c99=
ac_cv_prog_cc_g=yes
ac_cv_prog_cc_stdc=
ac_cv_prog_make_make_set=yes
ac_cv_safe_to_define___extensions__=yes
ac_cv_sys_file_offset_bits=no
ac_cv_sys_largefile_CC=no
acl_cv_hardcode_direct=no
acl_cv_hardcode_libdir_flag_spec='${wl}-rpath ${wl}$libdir'
acl_cv_hardcode_libdir_separator=
acl_cv_hardcode_minus_L=no
acl_cv_libext=a
acl_cv_libname_spec='lib$name'
acl_cv_library_names_spec='$libname$shrext'
acl_cv_path_LD=/usr/bin/ld
acl_cv_prog_gnu_ld=yes
acl_cv_rpath=done
acl_cv_shlibext=so
acl_cv_wl=-Wl,
am_cv_CC_dependencies_compiler_type=none
am_cv_make_support_nested_variables=yes
am_cv_prog_cc_c_o=yes
gt_cv_func_CFLocaleCopyCurrent=no
gt_cv_func_CFPreferencesCopyAppValue=no
gt_cv_func_gnugettext1_libc=yes
lt_cv_ar_at_file=@
lt_cv_archive_cmds_need_lc=no
lt_cv_deplibs_check_method=pass_all
lt_cv_dlopen=dlopen
lt_cv_dlopen_libs=-ldl
lt_cv_dlopen_self=yes
lt_cv_dlopen_self_static=no
lt_cv_file_magic_cmd='$MAGIC_CMD'
lt_cv_file_magic_test_file=
lt_cv_ld_reload_flag=-r
lt_cv_nm_interface='BSD nm'
lt_cv_objdir=.libs
lt_cv_path_LD=/usr/bin/ld
lt_cv_path_NM='/usr/bin/nm -B'
lt_cv_path_mainfest_tool=no
lt_cv_prog_compiler_c_o=yes
lt_cv_prog_compiler_pic='-fPIC -DPIC'
lt_cv_prog_compiler_pic_works=yes
lt_cv_prog_compiler_rtti_exceptions=no
lt_cv_prog_compiler_static_works=yes
lt_cv_prog_gnu_ld=yes
lt_cv_sharedlib_from_linklib_cmd='printf %s\n'
lt_cv_shlibpath_overrides_runpath=yes
lt_cv_sys_global_symbol_pipe='sed -n -e '\''s/^.*[	 ]\([ABCDGIRSTW][ABCDGIRSTW]*\)[	 ][	 ]*\([_A-Za-z][_A-Za-z0-9]*\)$/\1 \2 \2/p'\'' | sed '\''/ __gnu_lto/d'\'''
lt_cv_sys_global_symbol_to_c_name_address='sed -n -e '\''s/^: \(.*\) .*$/  {"\1", (void *) 0},/p'\'' -e '\''s/^[ABCDGIRSTW][ABCDGIRSTW]* .* \(.*\)$/  {"\1", (void *) \&\1},/p'\'''
lt_cv_sys_global_symbol_to_c_name_address_lib_prefix='sed -n -e '\''s/^: \(.*\) .*$/  {"\1", (void *) 0},/p'\'' -e '\''s/^[ABCDGIRSTW][ABCDGIRSTW]* .* \(lib.*\)$/  {"\1", (void *) \&\1},/p'\'' -e '\''s/^[ABCDGIRSTW][ABCDGIRSTW]* .* \(.*\)$/  {"lib\1", (void *) \&\1},/p'\'''
lt_cv_sys_global_symbol_to_cdecl='sed -n -e '\''s/^T .* \(.*\)$/extern int \1();/p'\'' -e '\''s/^[ABCDGIRSTW][ABCDGIRSTW]* .* \(.*\)$/extern char \1;/p'\'''
lt_cv_sys_global_symbol_to_import=
lt_cv_sys_max_cmd_len=1572864
lt_cv_to_host_file_cmd=func_convert_file_noop
lt_cv_to_tool_file_cmd=func_convert_file_noop
lt_cv_truncate_bin='/usr/bin/dd bs=4096 count=1'
pkg_cv_DRM_CFLAGS=-I/usr/include/libdrm
pkg_cv_DRM_LIBS=-ldrm
pkg_cv_GTK_CFLAGS='-pthread -I/usr/include/gtk-3.0 -I/usr/include/at-spi2-atk/2.0 -I/usr/include/at-spi-2.0 -I/usr/include/dbus-1.0 -I/usr/lib/x86_64-linux-gnu/dbus-1.0/include -I/usr/include/gtk-3.0 -I/usr/include/gio-unix-2.0 -I/usr/include/cairo -I/usr/include/pango-1.0 -I/usr/include/fribidi -I/usr/include/harfbuzz -I/usr/include/atk-1.0 -I/usr/include/cairo -I/usr/include/pixman-1 -I/usr/include/uuid -I/usr/include/freetype2 -I/usr/include/libpng16 -I/usr/include/gdk-pixbuf-2.0 -I/usr/include/libmount -I/usr/include/blkid -I/usr/include/glib-2.0 -I/usr/lib/x86_64-linux-gnu/glib-2.0/include'
pkg_cv_GTK_LIBS='-lgtk-3 -lgdk-3 -lpangocairo-1.0 -lpango-1.0 -lharfbuzz -latk-1.0 -lcairo-gobject -lcairo -lgdk_pixbuf-2.0 -lgio-2.0 -lgobject-2.0 -lglib-2.0'
pkg_cv_IMAGE_CFLAGS=-I/usr/include/libpng16
pkg_cv_IMAGE_LIBS='-lpng16 -lz'
pkg_cv_PANGO_CFLAGS='-I/usr/include/pango-1.0 -I/usr/include/fribidi -I/usr/include/harfbuzz -I/usr/include/cairo -I/usr/include/glib-2.0 -I/usr/lib/x86_64-linux-gnu/glib-2.0/include -I/usr/include/pixman-1 -I/usr/include/uuid -I/usr/include/freetype2 -I/usr/include/libpng16'
pkg_cv_PANGO_LIBS='-lpangocairo-1.0 -lpango-1.0 -lgobject-2.0 -lglib-2.0 -lharfbuzz -lcairo'
pkg_cv_UDEV_CFLAGS=
pkg_cv_UDEV_LIBS=-ludev
plymouth_cv_warn_cflags=' -Wall -Wextra -Wchar-subscripts -Wmissing-declarations -Wmissing-prototypes -Wwrite-strings -Wnested-externs -Wpointer-arith -Wswitch-enum -Wstrict-aliasing=2 -Winit-self -Wunsafe-loop-optimizations -Wno-missing-field-initializers -Wno-unused-parameter -Wno-unused-result -Wno-cast-function-type -Wcast-align -Wsign-compare -Wp,-D_FORTIFY_SOURCE=2'
plymouth_cv_warn_maybe='   -Wall -Wextra     -Wchar-subscripts -Wmissing-declarations -Wmissing-prototypes    -Wwrite-strings -Wnested-externs -Wpointer-arith    -Wswitch-enum -Wstrict-aliasing=2 -Winit-self -Wunsafe-loop-optimizations    -Wno-missing-field-initializers -Wno-unused-parameter -Wno-unused-result    -Wno-cast-function-type    -Wcast-align -Wsign-compare -Wp,-D_FORTIFY_SOURCE=2'

## ----------------- ##
## Output variables. ##
## ----------------- ##

ACLOCAL='${SHELL} /home/lxy/plymouth/boot_shutdown/plymouth/build-tools/missing aclocal-1.16'
AMDEPBACKSLASH=''
AMDEP_FALSE=''
AMDEP_TRUE='#'
AMTAR='$${TAR-tar}'
AM_BACKSLASH='\'
AM_DEFAULT_V='$(AM_DEFAULT_VERBOSITY)'
AM_DEFAULT_VERBOSITY='1'
AM_V='$(V)'
AR='ar'
AUTOCONF='${SHELL} /home/lxy/plymouth/boot_shutdown/plymouth/build-tools/missing autoconf'
AUTOHEADER='${SHELL} /home/lxy/plymouth/boot_shutdown/plymouth/build-tools/missing autoheader'
AUTOMAKE='${SHELL} /home/lxy/plymouth/boot_shutdown/plymouth/build-tools/missing automake-1.16'
AWK='gawk'
BUILD_DOCUMENTATION_FALSE='#'
BUILD_DOCUMENTATION_TRUE=''
CC='gcc'
CCDEPMODE='depmode=none'
CFLAGS='-g -O2 -fdebug-prefix-map=/home/lxy/plymouth/boot_shutdown/plymouth=. -fstack-protector-strong -Wformat -Werror=format-security'
CPP='gcc -E'
CPPFLAGS='-Wdate-time -D_FORTIFY_SOURCE=2'
CURSES_LIBS=''
CYGPATH_W='echo'
DBUS_CFLAGS=''
DBUS_LIBS=''
DEFS='-DHAVE_CONFIG_H'
DEPDIR='.deps'
DLLTOOL='false'
DRM_CFLAGS='-I/usr/include/libdrm'
DRM_LIBS='-ldrm'
DSYMUTIL=''
DUMPBIN=''
ECHO_C=''
ECHO_N='-n'
ECHO_T=''
EGREP='/usr/bin/grep -E'
ENABLE_DRM_RENDERER_FALSE='#'
ENABLE_DRM_RENDERER_TRUE=''
ENABLE_GTK_FALSE='#'
ENABLE_GTK_TRUE=''
ENABLE_PANGO_FALSE='#'
ENABLE_PANGO_TRUE=''
ENABLE_SYSTEMD_INTEGRATION_FALSE='#'
ENABLE_SYSTEMD_INTEGRATION_TRUE=''
ENABLE_UPSTART_MONITORING_FALSE=''
ENABLE_UPSTART_MONITORING_TRUE='#'
EXEEXT=''
FGREP='/usr/bin/grep -F'
GETTEXT_MACRO_VERSION='0.19'
GMSGFMT='/usr/bin/msgfmt'
GMSGFMT_015='/usr/bin/msgfmt'
GREP='/usr/bin/grep'
GTK_CFLAGS='-pthread -I/usr/include/gtk-3.0 -I/usr/include/at-spi2-atk/2.0 -I/usr/include/at-spi-2.0 -I/usr/include/dbus-1.0 -I/usr/lib/x86_64-linux-gnu/dbus-1.0/include -I/usr/include/gtk-3.0 -I/usr/include/gio-unix-2.0 -I/usr/include/cairo -I/usr/include/pango-1.0 -I/usr/include/fribidi -I/usr/include/harfbuzz -I/usr/include/atk-1.0 -I/usr/include/cairo -I/usr/include/pixman-1 -I/usr/include/uuid -I/usr/include/freetype2 -I/usr/include/libpng16 -I/usr/include/gdk-pixbuf-2.0 -I/usr/include/libmount -I/usr/include/blkid -I/usr/include/glib-2.0 -I/usr/lib/x86_64-linux-gnu/glib-2.0/include'
GTK_LIBS='-lgtk-3 -lgdk-3 -lpangocairo-1.0 -lpango-1.0 -lharfbuzz -latk-1.0 -lcairo-gobject -lcairo -lgdk_pixbuf-2.0 -lgio-2.0 -lgobject-2.0 -lglib-2.0'
IMAGE_CFLAGS='-I/usr/include/libpng16'
IMAGE_LIBS='-lpng16 -lz'
INSTALL_DATA='${INSTALL} -m 644'
INSTALL_FALLBACK_LOGO_FALSE=''
INSTALL_FALLBACK_LOGO_TRUE='#'
INSTALL_PROGRAM='${INSTALL}'
INSTALL_SCRIPT='${INSTALL}'
INSTALL_STRIP_PROGRAM='$(install_sh) -c -s'
INTLLIBS=''
INTLTOOL_EXTRACT='/usr/bin/intltool-extract'
INTL_MACOSX_LIBS=''
LD='/usr/bin/ld -m elf_x86_64'
LDFLAGS='-Wl,-Bsymbolic-functions -Wl,-z,relro -Wl,-z,defs -Wl,--as-needed -Wl,-O1'
LIBICONV='-liconv'
LIBINTL=''
LIBOBJS=''
LIBS=''
LIBTOOL='$(SHELL) $(top_builddir)/libtool'
LIPO=''
LN_S='ln -s'
LTLIBICONV='-liconv'
LTLIBINTL=''
LTLIBOBJS=''
LT_AGE='0'
LT_CURRENT='5'
LT_REVISION='0'
LT_SYS_LIBRARY_PATH=''
MAINT='#'
MAINTAINER_MODE_FALSE=''
MAINTAINER_MODE_TRUE='#'
MAKEINFO='${SHELL} /home/lxy/plymouth/boot_shutdown/plymouth/build-tools/missing makeinfo'
MANIFEST_TOOL=':'
MKDIR_P='/usr/bin/mkdir -p'
MSGFMT='/usr/bin/msgfmt'
MSGFMT_015='/usr/bin/msgfmt'
MSGMERGE='/usr/bin/msgmerge'
NM='/usr/bin/nm -B'
NMEDIT=''
OBJDUMP='objdump'
OBJEXT='o'
OTOOL64=''
OTOOL=''
PACKAGE='plymouth'
PACKAGE_BUGREPORT='https://gitlab.freedesktop.org/plymouth/plymouth/issues'
PACKAGE_NAME='plymouth'
PACKAGE_STRING='plymouth 0.9.5'
PACKAGE_TARNAME='plymouth'
PACKAGE_URL=''
PACKAGE_VERSION='0.9.5'
PANGO_CFLAGS='-I/usr/include/pango-1.0 -I/usr/include/fribidi -I/usr/include/harfbuzz -I/usr/include/cairo -I/usr/include/glib-2.0 -I/usr/lib/x86_64-linux-gnu/glib-2.0/include -I/usr/include/pixman-1 -I/usr/include/uuid -I/usr/include/freetype2 -I/usr/include/libpng16'
PANGO_LIBS='-lpangocairo-1.0 -lpango-1.0 -lgobject-2.0 -lglib-2.0 -lharfbuzz -lcairo'
PATH_SEPARATOR=':'
PKG_CONFIG='/usr/bin/pkg-config'
PKG_CONFIG_LIBDIR=''
PKG_CONFIG_PATH=''
PLYMOUTH_CFLAGS='  -Wall -Wextra -Wchar-subscripts -Wmissing-declarations -Wmissing-prototypes -Wwrite-strings -Wnested-externs -Wpointer-arith -Wswitch-enum -Wstrict-aliasing=2 -Winit-self -Wunsafe-loop-optimizations -Wno-missing-field-initializers -Wno-unused-parameter -Wno-unused-result -Wno-cast-function-type -Wcast-align -Wsign-compare -Wp,-D_FORTIFY_SOURCE=2'
PLYMOUTH_CLIENT_DIR='/bin'
PLYMOUTH_CONF_DIR='/etc/plymouth/'
PLYMOUTH_DAEMON_DIR='/sbin'
PLYMOUTH_DATADIR='/usr/share'
PLYMOUTH_LIBDIR='/usr/lib/x86_64-linux-gnu'
PLYMOUTH_LIBEXECDIR='/usr/lib/x86_64-linux-gnu'
PLYMOUTH_LIBS='-lm -lrt -ldl'
PLYMOUTH_LOGO_FILE='/usr/share/plymouth/ubuntu-logo.png'
PLYMOUTH_PLUGIN_PATH='/usr/lib/x86_64-linux-gnu/plymouth/'
PLYMOUTH_POLICY_DIR='/usr/share/plymouth/'
PLYMOUTH_RUNTIME_DIR='/run/plymouth'
PLYMOUTH_RUNTIME_THEME_PATH='/run/plymouth/themes'
PLYMOUTH_THEME_PATH='/usr/share/plymouth/themes'
POSUB='po'
RANLIB='ranlib'
RELEASE_FILE='/etc/os-release'
SED='/usr/bin/sed'
SET_MAKE=''
SHELL='/bin/bash'
STRIP='strip'
SYSTEMD_ASK_PASSWORD_AGENT='/usr/bin/systemd-tty-ask-password-agent'
SYSTEMD_UNIT_DIR='/lib/systemd/system'
UDEVADM='/usr/bin/udevadm'
UDEV_CFLAGS=''
UDEV_LIBS='-ludev'
USE_NLS='yes'
VERSION='0.9.5'
WITH_RHGB_COMPAT_LINK_FALSE=''
WITH_RHGB_COMPAT_LINK_TRUE='#'
WITH_SYSTEM_ROOT_INSTALL_FALSE='#'
WITH_SYSTEM_ROOT_INSTALL_TRUE=''
XGETTEXT='/usr/bin/xgettext'
XGETTEXT_015='/usr/bin/xgettext'
XGETTEXT_EXTRA_OPTIONS=''
XSLTPROC='/usr/bin/xsltproc'
ac_ct_AR='ar'
ac_ct_CC='gcc'
ac_ct_DUMPBIN=''
am__EXEEXT_FALSE=''
am__EXEEXT_TRUE='#'
am__fastdepCC_FALSE=''
am__fastdepCC_TRUE='#'
am__include='include'
am__isrc=''
am__leading_dot='.'
am__nodep=''
am__quote=''
am__tar='$${TAR-tar} chof - "$$tardir"'
am__untar='$${TAR-tar} xf -'
background_color='0x2c001e'
background_end_color='0x2c001e'
background_start_color='0x2c001e'
bindir='${exec_prefix}/bin'
build='x86_64-pc-linux-gnu'
build_alias='x86_64-linux-gnu'
build_cpu='x86_64'
build_os='linux-gnu'
build_vendor='pc'
datadir='${datarootdir}'
datarootdir='${prefix}/share'
docdir='${datarootdir}/doc/${PACKAGE_TARNAME}'
dvidir='${docdir}'
exec_prefix='${prefix}'
host='x86_64-pc-linux-gnu'
host_alias=''
host_cpu='x86_64'
host_os='linux-gnu'
host_vendor='pc'
htmldir='${docdir}'
includedir='${prefix}/include'
infodir='${prefix}/share/info'
install_sh='${SHELL} /home/lxy/plymouth/boot_shutdown/plymouth/build-tools/install-sh'
libdir='${prefix}/lib/x86_64-linux-gnu'
libexecdir='${prefix}/lib/x86_64-linux-gnu'
localedir='${datarootdir}/locale'
localstatedir='/var'
logofile='/usr/share/plymouth/ubuntu-logo.png'
mandir='${prefix}/share/man'
mkdir_p='$(MKDIR_P)'
oldincludedir='/usr/include'
pdfdir='${docdir}'
plymouthclientdir='/bin'
plymouthdaemondir='/sbin'
plymouthruntimedir='/run/plymouth'
prefix='/usr'
program_transform_name='s,x,x,'
psdir='${docdir}'
runstatedir='${localstatedir}/run'
sbindir='${exec_prefix}/sbin'
sharedstatedir='${prefix}/com'
sysconfdir='/etc'
target_alias=''

## ----------- ##
## confdefs.h. ##
## ----------- ##

/* confdefs.h */
#define PACKAGE_NAME "plymouth"
#define PACKAGE_TARNAME "plymouth"
#define PACKAGE_VERSION "0.9.5"
#define PACKAGE_STRING "plymouth 0.9.5"
#define PACKAGE_BUGREPORT "https://gitlab.freedesktop.org/plymouth/plymouth/issues"
#define PACKAGE_URL ""
#define STDC_HEADERS 1
#define HAVE_SYS_TYPES_H 1
#define HAVE_SYS_STAT_H 1
#define HAVE_STDLIB_H 1
#define HAVE_STRING_H 1
#define HAVE_MEMORY_H 1
#define HAVE_STRINGS_H 1
#define HAVE_INTTYPES_H 1
#define HAVE_STDINT_H 1
#define HAVE_UNISTD_H 1
#define __EXTENSIONS__ 1
#define _ALL_SOURCE 1
#define _GNU_SOURCE 1
#define _POSIX_PTHREAD_SEMANTICS 1
#define _TANDEM_SOURCE 1
#define STDC_HEADERS 1
#define PACKAGE "plymouth"
#define VERSION "0.9.5"
#define ENABLE_NLS 1
#define HAVE_GETTEXT 1
#define HAVE_DCGETTEXT 1
#define HAVE_DLFCN_H 1
#define LT_OBJDIR ".libs/"
#define HAVE_UDEV 1
#define PLY_ENABLE_TRACING 1
#define PLY_ENABLE_SYSTEMD_INTEGRATION 1
#define RELEASE_FILE "/etc/os-release"
#define BOOT_TTY "/dev/tty1"
#define SHUTDOWN_TTY "/dev/tty63"

configure: exit 0
